c:\users\patrick\documents\visual studio 2017\projects\learn opengl\learn opengl\debug\vc141.pdb
c:\users\patrick\documents\visual studio 2017\projects\learn opengl\learn opengl\debug\vc141.idb
c:\users\patrick\documents\visual studio 2017\projects\learn opengl\learn opengl\debug\glad.obj
c:\users\patrick\documents\visual studio 2017\projects\learn opengl\learn opengl\debug\main.obj
c:\users\patrick\documents\visual studio 2017\projects\learn opengl\learn opengl\debug\shader.obj
c:\users\patrick\documents\visual studio 2017\projects\learn opengl\learn opengl\debug\stb_image.obj
c:\users\patrick\documents\visual studio 2017\projects\learn opengl\learn opengl\debug\block.obj
c:\users\patrick\documents\visual studio 2017\projects\learn opengl\learn opengl\debug\chunk.obj
c:\users\patrick\documents\visual studio 2017\projects\learn opengl\learn opengl\debug\utils.obj
c:\users\patrick\documents\visual studio 2017\projects\learn opengl\learn opengl\debug\chunkmanager.obj
c:\users\patrick\documents\visual studio 2017\projects\learn opengl\debug\learn opengl.pdb
c:\users\patrick\documents\visual studio 2017\projects\learn opengl\learn opengl\debug\learn opengl.tlog\cl.command.1.tlog
c:\users\patrick\documents\visual studio 2017\projects\learn opengl\learn opengl\debug\learn opengl.tlog\cl.read.1.tlog
c:\users\patrick\documents\visual studio 2017\projects\learn opengl\learn opengl\debug\learn opengl.tlog\cl.write.1.tlog
c:\users\patrick\documents\visual studio 2017\projects\learn opengl\learn opengl\debug\learn opengl.tlog\learn opengl.write.1u.tlog
c:\users\patrick\documents\visual studio 2017\projects\learn opengl\learn opengl\debug\learn opengl.tlog\link.1212.read.1.tlog
c:\users\patrick\documents\visual studio 2017\projects\learn opengl\learn opengl\debug\learn opengl.tlog\link.1212.write.1.tlog
c:\users\patrick\documents\visual studio 2017\projects\learn opengl\learn opengl\debug\learn opengl.tlog\link.command.1.tlog
c:\users\patrick\documents\visual studio 2017\projects\learn opengl\learn opengl\debug\learn opengl.tlog\link.read.1.tlog
c:\users\patrick\documents\visual studio 2017\projects\learn opengl\learn opengl\debug\learn opengl.tlog\link.write.1.tlog
